<?xml version="1.0" encoding="UTF-8"?>
<!-- Generated by org.testng.reporters.JUnitXMLReporter -->
<testsuite hostname="LAPTOP-5B5UA9BC" ignored="4" name="Test" tests="5" failures="1" timestamp="29 May 2022 18:24:57 GMT" time="0.04" errors="0">
  <testcase name="tc22" time="0.009" classname="org.sam.B">
    <skipped/>
  </testcase> <!-- tc22 -->
  <testcase name="tc22" time="0.001" classname="org.sam.B">
    <skipped/>
  </testcase> <!-- tc22 -->
  <testcase name="tc22" time="0.001" classname="org.sam.B">
    <skipped/>
  </testcase> <!-- tc22 -->
  <testcase name="tc22" time="0.0" classname="org.sam.B">
    <failure type="java.lang.AssertionError" message="expected [true] but found [false]">
      <![CDATA[java.lang.AssertionError: expected [true] but found [false]
at org.sam.B.tc22(B.java:18)
... Removed 29 stack frames]]>
    </failure>
  </testcase> <!-- tc22 -->
  <testcase name="tc1" time="0.001" classname="org.sam.A"/>
  <testcase name="tc33" time="0.0" classname="org.sam.B">
    <ignored/>
  </testcase> <!-- tc33 -->
  <testcase name="tc11" time="0.0" classname="org.sam.B">
    <ignored/>
  </testcase> <!-- tc11 -->
  <testcase name="tc2" time="0.0" classname="org.sam.A">
    <ignored/>
  </testcase> <!-- tc2 -->
  <testcase name="tc3" time="0.0" classname="org.sam.A">
    <ignored/>
  </testcase> <!-- tc3 -->
</testsuite> <!-- Test -->
