<?xml version="1.0" encoding="UTF-8"?>
<!-- Generated by org.testng.reporters.JUnitXMLReporter -->
<testsuite hostname="LAPTOP-5B5UA9BC" ignored="1" name="Test1" tests="4" failures="2" timestamp="28 May 2022 09:46:14 GMT" time="12.777" errors="0">
  <testcase name="tc1" time="7.922" classname="org.sam.Sample1">
    <failure type="java.lang.NullPointerException">
      <![CDATA[java.lang.NullPointerException
at org.openqa.selenium.support.pagefactory.DefaultElementLocator.findElement(DefaultElementLocator.java:70)
at org.openqa.selenium.support.pagefactory.internal.LocatingElementHandler.invoke(LocatingElementHandler.java:39)
at com.sun.proxy.$Proxy18.sendKeys(Unknown Source)
at org.tes.BaseClass.fill(BaseClass.java:74)
at org.sam.Sample1.tc1(Sample1.java:41)
at java.util.concurrent.FutureTask.run(Unknown Source)
at java.util.concurrent.ThreadPoolExecutor.runWorker(Unknown Source)
at java.util.concurrent.ThreadPoolExecutor$Worker.run(Unknown Source)
at java.lang.Thread.run(Unknown Source)
... Removed 16 stack frames]]>
    </failure>
  </testcase> <!-- tc1 -->
  <testcase name="tc1" time="0.253" classname="org.sam.Sample1">
    <failure type="java.lang.NullPointerException">
      <![CDATA[java.lang.NullPointerException
at org.openqa.selenium.support.pagefactory.DefaultElementLocator.findElement(DefaultElementLocator.java:70)
at org.openqa.selenium.support.pagefactory.internal.LocatingElementHandler.invoke(LocatingElementHandler.java:39)
at com.sun.proxy.$Proxy18.sendKeys(Unknown Source)
at org.tes.BaseClass.fill(BaseClass.java:74)
at org.sam.Sample1.tc1(Sample1.java:41)
at java.util.concurrent.FutureTask.run(Unknown Source)
at java.util.concurrent.ThreadPoolExecutor.runWorker(Unknown Source)
at java.util.concurrent.ThreadPoolExecutor$Worker.run(Unknown Source)
at java.lang.Thread.run(Unknown Source)
... Removed 16 stack frames]]>
    </failure>
  </testcase> <!-- tc1 -->
  <testcase name="tc9" time="0.003" classname="org.sam.Sample2"/>
  <testcase name="tc2" time="0.002" classname="org.sam.Sample1"/>
  <testcase name="tc20" time="0.0" classname="org.sam.Sample2">
    <ignored/>
  </testcase> <!-- tc20 -->
</testsuite> <!-- Test1 -->
