<?xml version="1.0" encoding="UTF-8"?>
<!-- Generated by org.testng.reporters.JUnitXMLReporter -->
<testsuite hostname="LAPTOP-5B5UA9BC" ignored="0" name="Testfor4" tests="6" failures="0" timestamp="15 Apr 2022 16:15:52 GMT" time="0.053" errors="0">
  <testcase name="tc4" time="0.015" classname="org.sam.ClassB"/>
  <testcase name="tc5" time="0.0" classname="org.sam.ClassB"/>
  <testcase name="tc6" time="0.0" classname="org.sam.ClassB"/>
  <testcase name="tc7" time="0.0" classname="org.sam.ClassC"/>
  <testcase name="tc8" time="0.0" classname="org.sam.ClassC"/>
  <testcase name="tc9" time="0.001" classname="org.sam.ClassC"/>
</testsuite> <!-- Testfor4 -->
