<?xml version="1.0" encoding="UTF-8"?>
<!-- Generated by org.testng.reporters.JUnitXMLReporter -->
<testsuite hostname="LAPTOP-5B5UA9BC" ignored="2" name="Test(failed)" tests="1" failures="1" timestamp="29 May 2022 18:09:01 GMT" time="0.041" errors="0">
  <testcase name="tc22" time="0.013" classname="org.sam.B">
    <failure type="java.lang.AssertionError" message="expected [true] but found [false]">
      <![CDATA[java.lang.AssertionError: expected [true] but found [false]
at org.sam.B.tc22(B.java:18)
... Removed 29 stack frames]]>
    </failure>
  </testcase> <!-- tc22 -->
  <testcase name="tc33" time="0.0" classname="org.sam.B">
    <ignored/>
  </testcase> <!-- tc33 -->
  <testcase name="tc11" time="0.0" classname="org.sam.B">
    <ignored/>
  </testcase> <!-- tc11 -->
</testsuite> <!-- Test(failed) -->
